[23:56:09] [main/INFO]: Setting user: Player978
[23:56:10] [Client thread/INFO]: LWJGL Version: 2.9.1
[23:56:18] [Client thread/INFO]: Reloading ResourceManager: Default, FMLFileResourcePack:Forge Mod Loader, FMLFileResourcePack:Minecraft Forge, FMLFileResourcePack:Twilight Rising
[23:56:19] [Sound Library Loader/INFO]: Sound engine started
[23:56:19] [Client thread/INFO]: Created: 16x16 textures/blocks-atlas
[23:56:19] [Client thread/INFO]: Created: 16x16 textures/items-atlas
[23:56:19] [Client thread/INFO]: Reloading ResourceManager: Default, FMLFileResourcePack:Forge Mod Loader, FMLFileResourcePack:Minecraft Forge, FMLFileResourcePack:Twilight Rising
[23:56:20] [Client thread/INFO]: Created: 512x256 textures/blocks-atlas
[23:56:20] [Client thread/INFO]: Created: 256x256 textures/items-atlas
[23:56:21] [Sound Library Loader/INFO]: Sound engine started
[23:56:27] [Server thread/INFO]: Starting integrated minecraft server version 1.7.10
[23:56:27] [Server thread/INFO]: Generating keypair
[23:56:28] [Server thread/INFO]: Preparing start region for level 0
[23:56:28] [Server thread/INFO]: Changing view distance to 12, from 10
[23:56:29] [Server thread/INFO]: Player978[local:E:6d0d7edb] logged in with entity id 460 at (20.38865278902619, 66.56823951675105, 377.880327063115)
[23:56:29] [Server thread/INFO]: Player978 joined the game
[23:56:31] [Server thread/INFO]: Saving and pausing game...
[23:56:31] [Server thread/INFO]: Saving chunks for level 'New World'/Overworld
[23:56:31] [Server thread/INFO]: Saving chunks for level 'New World'/Nether
[23:56:31] [Server thread/INFO]: Saving chunks for level 'New World'/The End
[23:56:47] [Server thread/INFO]: Saving and pausing game...
[23:56:47] [Server thread/INFO]: Saving chunks for level 'New World'/Overworld
[23:56:47] [Server thread/INFO]: Saving chunks for level 'New World'/Nether
[23:56:47] [Server thread/INFO]: Saving chunks for level 'New World'/The End
[23:56:48] [Server thread/INFO]: Stopping server
[23:56:48] [Server thread/INFO]: Saving players
[23:56:48] [Server thread/INFO]: Saving worlds
[23:56:48] [Server thread/INFO]: Saving chunks for level 'New World'/Overworld
[23:56:48] [Server thread/INFO]: Saving chunks for level 'New World'/Nether
[23:56:48] [Server thread/INFO]: Saving chunks for level 'New World'/The End
[23:56:50] [Client thread/INFO]: Stopping!
